-------------------------------------------------------------------------------
Test set: com.sportradar.code.retreat.SampleTest
-------------------------------------------------------------------------------
Tests run: 1, Failures: 1, Errors: 0, Skipped: 0, Time elapsed: 0.044 s <<< FAILURE! - in com.sportradar.code.retreat.SampleTest
GIVEN_nothing_WHEN_testing_THEN_failing  Time elapsed: 0.039 s  <<< FAILURE!
org.opentest4j.AssertionFailedError: expected: <false> but was: <true>
	at com.sportradar.code.retreat.SampleTest.GIVEN_nothing_WHEN_testing_THEN_failing(SampleTest.java:11)

