<?xml version="1.0" encoding="UTF-8"?>
<testsuite xmlns:xsi="http://www.w3.org/2001/XMLSchema-instance" xsi:noNamespaceSchemaLocation="https://maven.apache.org/surefire/maven-surefire-plugin/xsd/surefire-test-report.xsd" name="com.sportradar.code.retreat.SampleTest" time="0.044" tests="1" errors="0" skipped="0" failures="1">
  <properties>
[...]
</properties>
  <testcase name="GIVEN_nothing_WHEN_testing_THEN_failing" classname="com.sportradar.code.retreat.SampleTest" time="0.039">
    <failure message="expected: &lt;false&gt; but was: &lt;true&gt;" type="org.opentest4j.AssertionFailedError"><![CDATA[org.opentest4j.AssertionFailedError: expected: <false> but was: <true>
	at com.sportradar.code.retreat.SampleTest.GIVEN_nothing_WHEN_testing_THEN_failing(SampleTest.java:11)
]]></failure>
  </testcase>
</testsuite>